<?xml version="1.0" encoding="UTF-8"?>
<!-- Generated by org.testng.reporters.JUnitReportReporter -->
<testsuite hostname="DESKTOP-VI456PS" failures="0" tests="4" name="fundModule.VerifyUserCanAddFunds" time="17.147" errors="0" timestamp="2022-10-20T19:45:58 IST" skipped="0">
  <testcase classname="fundModule.VerifyUserCanAddFunds" name="VerifyUserCanLogin" time="10.325"/>
  <system-out/>
  <testcase classname="fundModule.VerifyUserCanAddFunds" name="VerifyUserCanOpenFundWindow" time="0.486"/>
  <system-out/>
  <testcase classname="fundModule.VerifyUserCanAddFunds" name="VerifyUserCanOpenDepositeFundWindow" time="3.268"/>
  <system-out/>
  <testcase classname="fundModule.VerifyUserCanAddFunds" name="VerifyUserCanFillDepositeDetailsAdnContinue" time="3.068"/>
  <system-out/>
</testsuite> <!-- fundModule.VerifyUserCanAddFunds -->
